<?xml version="1.0" encoding="UTF-8"?>
<!-- Generated by org.testng.reporters.JUnitXMLReporter -->
<testsuite ignored="0" hostname="Akiro-PC" failures="0" tests="6" name="All tests" time="69.393" errors="0" timestamp="2022-07-13T12:11:45 MSK">
  <testcase classname="test.CompareFieldsData" name="commitmentTermTest" time="0.049"/>
  <testcase classname="test.CompareFieldsData" name="instanceTypeTest" time="0.038"/>
  <testcase classname="test.CompareFieldsData" name="localSSDTest" time="0.04"/>
  <testcase classname="test.CompareFieldsData" name="provisioningModelTest" time="0.035"/>
  <testcase classname="test.CompareFieldsData" name="regionTest" time="0.029"/>
  <testcase classname="test.ComparePriceTest" name="priceOnCloudGooglePageEqualEmailedPrice" time="0.001"/>
</testsuite> <!-- All tests -->
