<?xml version="1.0" encoding="UTF-8"?>
<!-- Generated by org.testng.reporters.JUnitXMLReporter -->
<testsuite ignored="0" hostname="Akiro-PC" failures="0" tests="5" name="test1" time="16.838" errors="0" timestamp="2022-07-15T13:41:56 MSK">
  <testcase classname="test.CompareFieldsData" name="commitmentTermTest" time="0.074"/>
  <testcase classname="test.CompareFieldsData" name="instanceTypeTest" time="0.032"/>
  <testcase classname="test.CompareFieldsData" name="localSSDTest" time="0.027"/>
  <testcase classname="test.CompareFieldsData" name="provisioningModelTest" time="0.028"/>
  <testcase classname="test.CompareFieldsData" name="regionTest" time="0.026"/>
</testsuite> <!-- test1 -->
