<?xml version="1.0" encoding="UTF-8"?>
<testsuite xmlns:xsi="http://www.w3.org/2001/XMLSchema-instance" xsi:noNamespaceSchemaLocation="https://maven.apache.org/surefire/maven-surefire-plugin/xsd/surefire-test-report.xsd" name="TestSuite" time="95.392" tests="12" errors="0" skipped="5" failures="1">
  <properties>
[...]
</properties>
  <testcase name="getCalculatorResult" classname="test.CompareFieldsData" time="49.861">
    <failure message="Expected condition failed: waiting for element to be clickable: By.xpath: //div[contains(text(),&apos;Mumbai&apos;)]/parent::md-option[@ng-repeat=&apos;item in listingCtrl.fullRegionList | filter:listingCtrl.inputRegionText.computeServer&apos;] (tried for 20 second(s) with 500 milliseconds interval)&#10;Build info: version: &apos;4.3.0&apos;, revision: &apos;a4995e2c09*&apos;&#10;System info: host: &apos;AKIRO-PC&apos;, ip: &apos;169.254.18.80&apos;, os.name: &apos;Windows 7&apos;, os.arch: &apos;amd64&apos;, os.version: &apos;6.1&apos;, java.version: &apos;18.0.1.1&apos;&#10;Driver info: org.openqa.selenium.chrome.ChromeDriver&#10;Capabilities {acceptInsecureCerts: false, browserName: chrome, browserVersion: 103.0.5060.114, chrome: {chromedriverVersion: 103.0.5060.53 (a1711811edd7..., userDataDir: C:\Temp\scoped_dir6696_8876...}, goog:chromeOptions: {debuggerAddress: localhost:4087}, networkConnectionEnabled: false, pageLoadStrategy: normal, platformName: WINDOWS, proxy: Proxy(), se:cdp: ws://localhost:4087/devtool..., se:cdpVersion: 103.0.5060.114, setWindowRect: true, strictFileInteractability: false, timeouts: {implicit: 0, pageLoad: 300000, script: 30000}, unhandledPromptBehavior: dismiss and notify, webauthn:extension:credBlob: true, webauthn:extension:largeBlob: true, webauthn:virtualAuthenticators: true}&#10;Session ID: 581ee9819974f296e6034d77a04b8748" type="org.openqa.selenium.TimeoutException">org.openqa.selenium.TimeoutException: 
Expected condition failed: waiting for element to be clickable: By.xpath: //div[contains(text(),'Mumbai')]/parent::md-option[@ng-repeat='item in listingCtrl.fullRegionList | filter:listingCtrl.inputRegionText.computeServer'] (tried for 20 second(s) with 500 milliseconds interval)
Build info: version: '4.3.0', revision: 'a4995e2c09*'
System info: host: 'AKIRO-PC', ip: '169.254.18.80', os.name: 'Windows 7', os.arch: 'amd64', os.version: '6.1', java.version: '18.0.1.1'
Driver info: org.openqa.selenium.chrome.ChromeDriver
Capabilities {acceptInsecureCerts: false, browserName: chrome, browserVersion: 103.0.5060.114, chrome: {chromedriverVersion: 103.0.5060.53 (a1711811edd7..., userDataDir: C:\Temp\scoped_dir6696_8876...}, goog:chromeOptions: {debuggerAddress: localhost:4087}, networkConnectionEnabled: false, pageLoadStrategy: normal, platformName: WINDOWS, proxy: Proxy(), se:cdp: ws://localhost:4087/devtool..., se:cdpVersion: 103.0.5060.114, setWindowRect: true, strictFileInteractability: false, timeouts: {implicit: 0, pageLoad: 300000, script: 30000}, unhandledPromptBehavior: dismiss and notify, webauthn:extension:credBlob: true, webauthn:extension:largeBlob: true, webauthn:virtualAuthenticators: true}
Session ID: 581ee9819974f296e6034d77a04b8748
</failure>
    <system-err><![CDATA[SLF4J: Failed to load class "org.slf4j.impl.StaticLoggerBinder".
SLF4J: Defaulting to no-operation (NOP) logger implementation
SLF4J: See http://www.slf4j.org/codes.html#StaticLoggerBinder for further details.
ERROR StatusLogger Log4j2 could not find a logging implementation. Please add log4j-core to the classpath. Using SimpleLogger to log to the console...
Starting ChromeDriver 103.0.5060.53 (a1711811edd74ff1cf2150f36ffa3b0dae40b17f-refs/branch-heads/5060@{#853}) on port 60920
Only local connections are allowed.
Please see https://chromedriver.chromium.org/security-considerations for suggestions on keeping ChromeDriver safe.
ChromeDriver was started successfully.
июл. 15, 2022 1:40:23 PM org.openqa.selenium.remote.ProtocolHandshake createSession
INFO: Detected upstream dialect: W3C
июл. 15, 2022 1:40:23 PM org.openqa.selenium.devtools.CdpVersionFinder findNearestMatch
INFO: Found exact CDP implementation for version 103
]]></system-err>
  </testcase>
  <testcase name="commitmentTermTest" classname="test.CompareFieldsData" time="0">
    <skipped message="Expected condition failed: waiting for element to be clickable: By.xpath: //div[contains(text(),&apos;Mumbai&apos;)]/parent::md-option[@ng-repeat=&apos;item in listingCtrl.fullRegionList | filter:listingCtrl.inputRegionText.computeServer&apos;] (tried for 20 second(s) with 500 milliseconds interval)&#10;Build info: version: &apos;4.3.0&apos;, revision: &apos;a4995e2c09*&apos;&#10;System info: host: &apos;AKIRO-PC&apos;, ip: &apos;169.254.18.80&apos;, os.name: &apos;Windows 7&apos;, os.arch: &apos;amd64&apos;, os.version: &apos;6.1&apos;, java.version: &apos;18.0.1.1&apos;&#10;Driver info: org.openqa.selenium.chrome.ChromeDriver&#10;Capabilities {acceptInsecureCerts: false, browserName: chrome, browserVersion: 103.0.5060.114, chrome: {chromedriverVersion: 103.0.5060.53 (a1711811edd7..., userDataDir: C:\Temp\scoped_dir6696_8876...}, goog:chromeOptions: {debuggerAddress: localhost:4087}, networkConnectionEnabled: false, pageLoadStrategy: normal, platformName: WINDOWS, proxy: Proxy(), se:cdp: ws://localhost:4087/devtool..., se:cdpVersion: 103.0.5060.114, setWindowRect: true, strictFileInteractability: false, timeouts: {implicit: 0, pageLoad: 300000, script: 30000}, unhandledPromptBehavior: dismiss and notify, webauthn:extension:credBlob: true, webauthn:extension:largeBlob: true, webauthn:virtualAuthenticators: true}&#10;Session ID: 581ee9819974f296e6034d77a04b8748"/>
  </testcase>
  <testcase name="commitmentTermTest" classname="test.CompareFieldsData" time="0.073"/>
  <testcase name="instanceTypeTest" classname="test.CompareFieldsData" time="0">
    <skipped message="Expected condition failed: waiting for element to be clickable: By.xpath: //div[contains(text(),&apos;Mumbai&apos;)]/parent::md-option[@ng-repeat=&apos;item in listingCtrl.fullRegionList | filter:listingCtrl.inputRegionText.computeServer&apos;] (tried for 20 second(s) with 500 milliseconds interval)&#10;Build info: version: &apos;4.3.0&apos;, revision: &apos;a4995e2c09*&apos;&#10;System info: host: &apos;AKIRO-PC&apos;, ip: &apos;169.254.18.80&apos;, os.name: &apos;Windows 7&apos;, os.arch: &apos;amd64&apos;, os.version: &apos;6.1&apos;, java.version: &apos;18.0.1.1&apos;&#10;Driver info: org.openqa.selenium.chrome.ChromeDriver&#10;Capabilities {acceptInsecureCerts: false, browserName: chrome, browserVersion: 103.0.5060.114, chrome: {chromedriverVersion: 103.0.5060.53 (a1711811edd7..., userDataDir: C:\Temp\scoped_dir6696_8876...}, goog:chromeOptions: {debuggerAddress: localhost:4087}, networkConnectionEnabled: false, pageLoadStrategy: normal, platformName: WINDOWS, proxy: Proxy(), se:cdp: ws://localhost:4087/devtool..., se:cdpVersion: 103.0.5060.114, setWindowRect: true, strictFileInteractability: false, timeouts: {implicit: 0, pageLoad: 300000, script: 30000}, unhandledPromptBehavior: dismiss and notify, webauthn:extension:credBlob: true, webauthn:extension:largeBlob: true, webauthn:virtualAuthenticators: true}&#10;Session ID: 581ee9819974f296e6034d77a04b8748"/>
  </testcase>
  <testcase name="instanceTypeTest" classname="test.CompareFieldsData" time="0.032"/>
  <testcase name="localSSDTest" classname="test.CompareFieldsData" time="0">
    <skipped message="Expected condition failed: waiting for element to be clickable: By.xpath: //div[contains(text(),&apos;Mumbai&apos;)]/parent::md-option[@ng-repeat=&apos;item in listingCtrl.fullRegionList | filter:listingCtrl.inputRegionText.computeServer&apos;] (tried for 20 second(s) with 500 milliseconds interval)&#10;Build info: version: &apos;4.3.0&apos;, revision: &apos;a4995e2c09*&apos;&#10;System info: host: &apos;AKIRO-PC&apos;, ip: &apos;169.254.18.80&apos;, os.name: &apos;Windows 7&apos;, os.arch: &apos;amd64&apos;, os.version: &apos;6.1&apos;, java.version: &apos;18.0.1.1&apos;&#10;Driver info: org.openqa.selenium.chrome.ChromeDriver&#10;Capabilities {acceptInsecureCerts: false, browserName: chrome, browserVersion: 103.0.5060.114, chrome: {chromedriverVersion: 103.0.5060.53 (a1711811edd7..., userDataDir: C:\Temp\scoped_dir6696_8876...}, goog:chromeOptions: {debuggerAddress: localhost:4087}, networkConnectionEnabled: false, pageLoadStrategy: normal, platformName: WINDOWS, proxy: Proxy(), se:cdp: ws://localhost:4087/devtool..., se:cdpVersion: 103.0.5060.114, setWindowRect: true, strictFileInteractability: false, timeouts: {implicit: 0, pageLoad: 300000, script: 30000}, unhandledPromptBehavior: dismiss and notify, webauthn:extension:credBlob: true, webauthn:extension:largeBlob: true, webauthn:virtualAuthenticators: true}&#10;Session ID: 581ee9819974f296e6034d77a04b8748"/>
  </testcase>
  <testcase name="localSSDTest" classname="test.CompareFieldsData" time="0.027"/>
  <testcase name="provisioningModelTest" classname="test.CompareFieldsData" time="0">
    <skipped message="Expected condition failed: waiting for element to be clickable: By.xpath: //div[contains(text(),&apos;Mumbai&apos;)]/parent::md-option[@ng-repeat=&apos;item in listingCtrl.fullRegionList | filter:listingCtrl.inputRegionText.computeServer&apos;] (tried for 20 second(s) with 500 milliseconds interval)&#10;Build info: version: &apos;4.3.0&apos;, revision: &apos;a4995e2c09*&apos;&#10;System info: host: &apos;AKIRO-PC&apos;, ip: &apos;169.254.18.80&apos;, os.name: &apos;Windows 7&apos;, os.arch: &apos;amd64&apos;, os.version: &apos;6.1&apos;, java.version: &apos;18.0.1.1&apos;&#10;Driver info: org.openqa.selenium.chrome.ChromeDriver&#10;Capabilities {acceptInsecureCerts: false, browserName: chrome, browserVersion: 103.0.5060.114, chrome: {chromedriverVersion: 103.0.5060.53 (a1711811edd7..., userDataDir: C:\Temp\scoped_dir6696_8876...}, goog:chromeOptions: {debuggerAddress: localhost:4087}, networkConnectionEnabled: false, pageLoadStrategy: normal, platformName: WINDOWS, proxy: Proxy(), se:cdp: ws://localhost:4087/devtool..., se:cdpVersion: 103.0.5060.114, setWindowRect: true, strictFileInteractability: false, timeouts: {implicit: 0, pageLoad: 300000, script: 30000}, unhandledPromptBehavior: dismiss and notify, webauthn:extension:credBlob: true, webauthn:extension:largeBlob: true, webauthn:virtualAuthenticators: true}&#10;Session ID: 581ee9819974f296e6034d77a04b8748"/>
  </testcase>
  <testcase name="provisioningModelTest" classname="test.CompareFieldsData" time="0.028"/>
  <testcase name="regionTest" classname="test.CompareFieldsData" time="0">
    <skipped message="Expected condition failed: waiting for element to be clickable: By.xpath: //div[contains(text(),&apos;Mumbai&apos;)]/parent::md-option[@ng-repeat=&apos;item in listingCtrl.fullRegionList | filter:listingCtrl.inputRegionText.computeServer&apos;] (tried for 20 second(s) with 500 milliseconds interval)&#10;Build info: version: &apos;4.3.0&apos;, revision: &apos;a4995e2c09*&apos;&#10;System info: host: &apos;AKIRO-PC&apos;, ip: &apos;169.254.18.80&apos;, os.name: &apos;Windows 7&apos;, os.arch: &apos;amd64&apos;, os.version: &apos;6.1&apos;, java.version: &apos;18.0.1.1&apos;&#10;Driver info: org.openqa.selenium.chrome.ChromeDriver&#10;Capabilities {acceptInsecureCerts: false, browserName: chrome, browserVersion: 103.0.5060.114, chrome: {chromedriverVersion: 103.0.5060.53 (a1711811edd7..., userDataDir: C:\Temp\scoped_dir6696_8876...}, goog:chromeOptions: {debuggerAddress: localhost:4087}, networkConnectionEnabled: false, pageLoadStrategy: normal, platformName: WINDOWS, proxy: Proxy(), se:cdp: ws://localhost:4087/devtool..., se:cdpVersion: 103.0.5060.114, setWindowRect: true, strictFileInteractability: false, timeouts: {implicit: 0, pageLoad: 300000, script: 30000}, unhandledPromptBehavior: dismiss and notify, webauthn:extension:credBlob: true, webauthn:extension:largeBlob: true, webauthn:virtualAuthenticators: true}&#10;Session ID: 581ee9819974f296e6034d77a04b8748"/>
  </testcase>
  <testcase name="regionTest" classname="test.CompareFieldsData" time="0.025"/>
  <testcase name="priceOnCloudGooglePageEqualEmailedPrice" classname="test.ComparePriceTest" time="0.003"/>
</testsuite>