<?xml version="1.0" encoding="UTF-8"?>
<testng-results ignored="0" total="6" passed="6" failed="0" skipped="0">
  <reporter-output>
  </reporter-output>
  <suite started-at="2022-07-13T12:10:36 MSK" name="All tests" finished-at="2022-07-13T12:11:45 MSK" duration-ms="69393">
    <groups>
    </groups>
    <test started-at="2022-07-13T12:10:36 MSK" name="All tests" finished-at="2022-07-13T12:11:45 MSK" duration-ms="69393">
      <class name="test.ComparePriceTest">
        <test-method is-config="true" signature="browserSetup()[pri:0, instance:test.ComparePriceTest@49e53c76]" started-at="2022-07-13T12:11:06 MSK" name="browserSetup" description="Setup browser" finished-at="2022-07-13T12:11:08 MSK" duration-ms="1637" status="PASS">
          <reporter-output>
          </reporter-output>
        </test-method> <!-- browserSetup -->
        <test-method is-config="true" signature="getCalculatorResult()[pri:0, instance:test.ComparePriceTest@49e53c76]" started-at="2022-07-13T12:11:08 MSK" name="getCalculatorResult" description="Algorithm of methods" finished-at="2022-07-13T12:11:34 MSK" duration-ms="25803" status="PASS">
          <reporter-output>
          </reporter-output>
        </test-method> <!-- getCalculatorResult -->
        <test-method is-config="true" signature="getCostFromEmail()[pri:0, instance:test.ComparePriceTest@49e53c76]" started-at="2022-07-13T12:11:34 MSK" name="getCostFromEmail" description="Algorithm of methods" finished-at="2022-07-13T12:11:44 MSK" duration-ms="10439" status="PASS">
          <reporter-output>
          </reporter-output>
        </test-method> <!-- getCostFromEmail -->
        <test-method signature="priceOnCloudGooglePageEqualEmailedPrice()[pri:0, instance:test.ComparePriceTest@49e53c76]" started-at="2022-07-13T12:11:44 MSK" name="priceOnCloudGooglePageEqualEmailedPrice" description="Total price comparison from website and email" finished-at="2022-07-13T12:11:44 MSK" duration-ms="1" status="PASS">
          <reporter-output>
          </reporter-output>
        </test-method> <!-- priceOnCloudGooglePageEqualEmailedPrice -->
        <test-method is-config="true" signature="browserClose()[pri:0, instance:test.ComparePriceTest@49e53c76]" started-at="2022-07-13T12:11:44 MSK" name="browserClose" description="Browser closing" finished-at="2022-07-13T12:11:45 MSK" duration-ms="954" status="PASS">
          <reporter-output>
          </reporter-output>
        </test-method> <!-- browserClose -->
      </class> <!-- test.ComparePriceTest -->
      <class name="test.CompareFieldsData">
        <test-method is-config="true" signature="browserSetup()[pri:0, instance:test.CompareFieldsData@4f83df68]" started-at="2022-07-13T12:10:36 MSK" name="browserSetup" description="Setup browser" finished-at="2022-07-13T12:10:40 MSK" duration-ms="4096" status="PASS">
          <reporter-output>
          </reporter-output>
        </test-method> <!-- browserSetup -->
        <test-method is-config="true" signature="getCalculatorResult()[pri:0, instance:test.CompareFieldsData@4f83df68]" started-at="2022-07-13T12:10:40 MSK" name="getCalculatorResult" description="Algorithm of methods" finished-at="2022-07-13T12:11:05 MSK" duration-ms="25572" status="PASS">
          <reporter-output>
          </reporter-output>
        </test-method> <!-- getCalculatorResult -->
        <test-method signature="commitmentTermTest()[pri:0, instance:test.CompareFieldsData@4f83df68]" started-at="2022-07-13T12:11:05 MSK" name="commitmentTermTest" description="Commitment term check" finished-at="2022-07-13T12:11:06 MSK" duration-ms="49" status="PASS">
          <reporter-output>
          </reporter-output>
        </test-method> <!-- commitmentTermTest -->
        <test-method signature="instanceTypeTest()[pri:0, instance:test.CompareFieldsData@4f83df68]" started-at="2022-07-13T12:11:06 MSK" name="instanceTypeTest" description="Instance type check" finished-at="2022-07-13T12:11:06 MSK" duration-ms="38" status="PASS">
          <reporter-output>
          </reporter-output>
        </test-method> <!-- instanceTypeTest -->
        <test-method signature="localSSDTest()[pri:0, instance:test.CompareFieldsData@4f83df68]" started-at="2022-07-13T12:11:06 MSK" name="localSSDTest" description="Local SSD check" finished-at="2022-07-13T12:11:06 MSK" duration-ms="40" status="PASS">
          <reporter-output>
          </reporter-output>
        </test-method> <!-- localSSDTest -->
        <test-method signature="provisioningModelTest()[pri:0, instance:test.CompareFieldsData@4f83df68]" started-at="2022-07-13T12:11:06 MSK" name="provisioningModelTest" description="Provisioning model check" finished-at="2022-07-13T12:11:06 MSK" duration-ms="35" status="PASS">
          <reporter-output>
          </reporter-output>
        </test-method> <!-- provisioningModelTest -->
        <test-method signature="regionTest()[pri:0, instance:test.CompareFieldsData@4f83df68]" started-at="2022-07-13T12:11:06 MSK" name="regionTest" description="Region check" finished-at="2022-07-13T12:11:06 MSK" duration-ms="29" status="PASS">
          <reporter-output>
          </reporter-output>
        </test-method> <!-- regionTest -->
        <test-method is-config="true" signature="browserClose()[pri:0, instance:test.CompareFieldsData@4f83df68]" started-at="2022-07-13T12:11:06 MSK" name="browserClose" description="Browser closing" finished-at="2022-07-13T12:11:06 MSK" duration-ms="664" status="PASS">
          <reporter-output>
          </reporter-output>
        </test-method> <!-- browserClose -->
      </class> <!-- test.CompareFieldsData -->
    </test> <!-- All tests -->
  </suite> <!-- All tests -->
</testng-results>
